# JRE version: OpenJDK Runtime Environment Temurin-21.0.8+9 (21.0.8+9) (build 21.0.8+9-LTS)
# Java VM: OpenJDK 64-Bit Server VM Temurin-21.0.8+9 (21.0.8+9-LTS, mixed mode, sharing, tiered, compressed oops, compressed class ptrs, parallel gc, windows-amd64)
GC Precious Log:
 CardTable entry size: 512
 CPUs: 8 total, 8 available
 Memory: 7876M
 Large Page Support: Disabled
 NUMA Support: Disabled
 Compressed Oops: Enabled (32-bit)
 Alignments: Space 512K, Generation 512K, Heap 2M
 Heap Min Capacity: 100M
 Heap Initial Capacity: 100M
 Heap Max Capacity: 2G
 Pre-touch: Disabled
 Parallel Workers: 8
Heap:
 PSYoungGen      total 14848K, used 10522K [0x00000000d5580000, 0x00000000d6500000, 0x0000000100000000)
  eden space 13824K, 71% used [0x00000000d5580000,0x00000000d5f2d950,0x00000000d6300000)
  from space 1024K, 59% used [0x00000000d6380000,0x00000000d6419230,0x00000000d6480000)
  to   space 512K, 0% used [0x00000000d6480000,0x00000000d6480000,0x00000000d6500000)
 ParOldGen       total 165888K, used 165656K [0x0000000080000000, 0x000000008a200000, 0x00000000d5580000)
  object space 165888K, 99% used [0x0000000080000000,0x000000008a1c61d8,0x000000008a200000)
 Metaspace       used 75105K, committed 76672K, reserved 1179648K
  class space    used 7852K, committed 8512K, reserved 1048576K
GC Heap History (20 events):
Event: 861.823 GC heap before
{Heap before GC invocations=103 (full 3):
 PSYoungGen      total 16384K, used 16026K [0x00000000d5580000, 0x00000000d6700000, 0x0000000100000000)
  eden space 14848K, 100% used [0x00000000d5580000,0x00000000d6400000,0x00000000d6400000)
  from space 1536K, 76% used [0x00000000d6400000,0x00000000d6526920,0x00000000d6580000)
  to   space 1536K, 0% used [0x00000000d6580000,0x00000000d6580000,0x00000000d6700000)
 ParOldGen       total 162304K, used 162293K [0x0000000080000000, 0x0000000089e80000, 0x00000000d5580000)
  object space 162304K, 99% used [0x0000000080000000,0x0000000089e7d538,0x0000000089e80000)
 Metaspace       used 72710K, committed 74240K, reserved 1179648K
  class space    used 7659K, committed 8320K, reserved 1048576K
}
Event: 861.825 GC heap after
{Heap after GC invocations=103 (full 3):
 PSYoungGen      total 15360K, used 314K [0x00000000d5580000, 0x00000000d6600000, 0x0000000100000000)
  eden space 14848K, 0% used [0x00000000d5580000,0x00000000d5580000,0x00000000d6400000)
  from space 512K, 61% used [0x00000000d6580000,0x00000000d65ce900,0x00000000d6600000)
  to   space 1024K, 0% used [0x00000000d6400000,0x00000000d6400000,0x00000000d6500000)
 ParOldGen       total 162816K, used 162465K [0x0000000080000000, 0x0000000089f00000, 0x00000000d5580000)
  object space 162816K, 99% used [0x0000000080000000,0x0000000089ea8678,0x0000000089f00000)
 Metaspace       used 72710K, committed 74240K, reserved 1179648K
  class space    used 7659K, committed 8320K, reserved 1048576K
}
Event: 862.661 GC heap before
{Heap before GC invocations=104 (full 3):
 PSYoungGen      total 15360K, used 15162K [0x00000000d5580000, 0x00000000d6600000, 0x0000000100000000)
  eden space 14848K, 100% used [0x00000000d5580000,0x00000000d6400000,0x00000000d6400000)
  from space 512K, 61% used [0x00000000d6580000,0x00000000d65ce900,0x00000000d6600000)
  to   space 1024K, 0% used [0x00000000d6400000,0x00000000d6400000,0x00000000d6500000)
 ParOldGen       total 162816K, used 162465K [0x0000000080000000, 0x0000000089f00000, 0x00000000d5580000)
  object space 162816K, 99% used [0x0000000080000000,0x0000000089ea8678,0x0000000089f00000)
 Metaspace       used 73013K, committed 74496K, reserved 1179648K
  class space    used 7686K, committed 8320K, reserved 1048576K
}
Event: 862.662 GC heap after
{Heap after GC invocations=104 (full 3):
 PSYoungGen      total 15872K, used 282K [0x00000000d5580000, 0x00000000d6600000, 0x0000000100000000)
  eden space 14848K, 0% used [0x00000000d5580000,0x00000000d5580000,0x00000000d6400000)
  from space 1024K, 27% used [0x00000000d6400000,0x00000000d6446900,0x00000000d6500000)
  to   space 512K, 0% used [0x00000000d6580000,0x00000000d6580000,0x00000000d6600000)
 ParOldGen       total 162816K, used 162521K [0x0000000080000000, 0x0000000089f00000, 0x00000000d5580000)
  object space 162816K, 99% used [0x0000000080000000,0x0000000089eb6678,0x0000000089f00000)
 Metaspace       used 73013K, committed 74496K, reserved 1179648K
  class space    used 7686K, committed 8320K, reserved 1048576K
}
Event: 873.513 GC heap before
{Heap before GC invocations=105 (full 3):
 PSYoungGen      total 15872K, used 15130K [0x00000000d5580000, 0x00000000d6600000, 0x0000000100000000)
  eden space 14848K, 100% used [0x00000000d5580000,0x00000000d6400000,0x00000000d6400000)
  from space 1024K, 27% used [0x00000000d6400000,0x00000000d6446900,0x00000000d6500000)
  to   space 512K, 0% used [0x00000000d6580000,0x00000000d6580000,0x00000000d6600000)
 ParOldGen       total 162816K, used 162521K [0x0000000080000000, 0x0000000089f00000, 0x00000000d5580000)
  object space 162816K, 99% used [0x0000000080000000,0x0000000089eb6678,0x0000000089f00000)
 Metaspace       used 73125K, committed 74624K, reserved 1179648K
  class space    used 7688K, committed 8384K, reserved 1048576K
}
Event: 873.515 GC heap after
{Heap after GC invocations=105 (full 3):
 PSYoungGen      total 15360K, used 500K [0x00000000d5580000, 0x00000000d6700000, 0x0000000100000000)
  eden space 14848K, 0% used [0x00000000d5580000,0x00000000d5580000,0x00000000d6400000)
  from space 512K, 97% used [0x00000000d6580000,0x00000000d65fd200,0x00000000d6600000)
  to   space 1536K, 0% used [0x00000000d6400000,0x00000000d6400000,0x00000000d6580000)
 ParOldGen       total 163328K, used 162937K [0x0000000080000000, 0x0000000089f80000, 0x00000000d5580000)
  object space 163328K, 99% used [0x0000000080000000,0x0000000089f1e678,0x0000000089f80000)
 Metaspace       used 73125K, committed 74624K, reserved 1179648K
  class space    used 7688K, committed 8384K, reserved 1048576K
}
Event: 874.062 GC heap before
{Heap before GC invocations=106 (full 3):
 PSYoungGen      total 15360K, used 15348K [0x00000000d5580000, 0x00000000d6700000, 0x0000000100000000)
  eden space 14848K, 100% used [0x00000000d5580000,0x00000000d6400000,0x00000000d6400000)
  from space 512K, 97% used [0x00000000d6580000,0x00000000d65fd200,0x00000000d6600000)
  to   space 1536K, 0% used [0x00000000d6400000,0x00000000d6400000,0x00000000d6580000)
 ParOldGen       total 163328K, used 162937K [0x0000000080000000, 0x0000000089f80000, 0x00000000d5580000)
  object space 163328K, 99% used [0x0000000080000000,0x0000000089f1e678,0x0000000089f80000)
 Metaspace       used 73249K, committed 74752K, reserved 1179648K
  class space    used 7688K, committed 8384K, reserved 1048576K
}
Event: 874.063 GC heap after
{Heap after GC invocations=106 (full 3):
 PSYoungGen      total 15872K, used 596K [0x00000000d5580000, 0x00000000d6600000, 0x0000000100000000)
  eden space 14848K, 0% used [0x00000000d5580000,0x00000000d5580000,0x00000000d6400000)
  from space 1024K, 58% used [0x00000000d6400000,0x00000000d6495200,0x00000000d6500000)
  to   space 1024K, 0% used [0x00000000d6500000,0x00000000d6500000,0x00000000d6600000)
 ParOldGen       total 163840K, used 163444K [0x0000000080000000, 0x000000008a000000, 0x00000000d5580000)
  object space 163840K, 99% used [0x0000000080000000,0x0000000089f9d208,0x000000008a000000)
 Metaspace       used 73249K, committed 74752K, reserved 1179648K
  class space    used 7688K, committed 8384K, reserved 1048576K
}
Event: 874.355 GC heap before
{Heap before GC invocations=107 (full 3):
 PSYoungGen      total 15872K, used 15444K [0x00000000d5580000, 0x00000000d6600000, 0x0000000100000000)
  eden space 14848K, 100% used [0x00000000d5580000,0x00000000d6400000,0x00000000d6400000)
  from space 1024K, 58% used [0x00000000d6400000,0x00000000d6495200,0x00000000d6500000)
  to   space 1024K, 0% used [0x00000000d6500000,0x00000000d6500000,0x00000000d6600000)
 ParOldGen       total 163840K, used 163444K [0x0000000080000000, 0x000000008a000000, 0x00000000d5580000)
  object space 163840K, 99% used [0x0000000080000000,0x0000000089f9d208,0x000000008a000000)
 Metaspace       used 73917K, committed 75392K, reserved 1179648K
  class space    used 7784K, committed 8448K, reserved 1048576K
}
Event: 874.358 GC heap after
{Heap after GC invocations=107 (full 3):
 PSYoungGen      total 15360K, used 996K [0x00000000d5580000, 0x00000000d6700000, 0x0000000100000000)
  eden space 14336K, 0% used [0x00000000d5580000,0x00000000d5580000,0x00000000d6380000)
  from space 1024K, 97% used [0x00000000d6500000,0x00000000d65f9210,0x00000000d6600000)
  to   space 1536K, 0% used [0x00000000d6380000,0x00000000d6380000,0x00000000d6500000)
 ParOldGen       total 163840K, used 163552K [0x0000000080000000, 0x000000008a000000, 0x00000000d5580000)
  object space 163840K, 99% used [0x0000000080000000,0x0000000089fb8230,0x000000008a000000)
 Metaspace       used 73917K, committed 75392K, reserved 1179648K
  class space    used 7784K, committed 8448K, reserved 1048576K
}
Event: 886.493 GC heap before
{Heap before GC invocations=108 (full 3):
 PSYoungGen      total 15360K, used 15332K [0x00000000d5580000, 0x00000000d6700000, 0x0000000100000000)
  eden space 14336K, 100% used [0x00000000d5580000,0x00000000d6380000,0x00000000d6380000)
  from space 1024K, 97% used [0x00000000d6500000,0x00000000d65f9210,0x00000000d6600000)
  to   space 1536K, 0% used [0x00000000d6380000,0x00000000d6380000,0x00000000d6500000)
 ParOldGen       total 163840K, used 163552K [0x0000000080000000, 0x000000008a000000, 0x00000000d5580000)
  object space 163840K, 99% used [0x0000000080000000,0x0000000089fb8230,0x000000008a000000)
 Metaspace       used 74115K, committed 75584K, reserved 1179648K
  class space    used 7789K, committed 8448K, reserved 1048576K
}
Event: 886.497 GC heap after
{Heap after GC invocations=108 (full 3):
 PSYoungGen      total 15872K, used 192K [0x00000000d5580000, 0x00000000d6580000, 0x0000000100000000)
  eden space 14336K, 0% used [0x00000000d5580000,0x00000000d5580000,0x00000000d6380000)
  from space 1536K, 12% used [0x00000000d6380000,0x00000000d63b0000,0x00000000d6500000)
  to   space 512K, 0% used [0x00000000d6500000,0x00000000d6500000,0x00000000d6580000)
 ParOldGen       total 163840K, used 163726K [0x0000000080000000, 0x000000008a000000, 0x00000000d5580000)
  object space 163840K, 99% used [0x0000000080000000,0x0000000089fe3b38,0x000000008a000000)
 Metaspace       used 74115K, committed 75584K, reserved 1179648K
  class space    used 7789K, committed 8448K, reserved 1048576K
}
Event: 887.888 GC heap before
{Heap before GC invocations=109 (full 3):
 PSYoungGen      total 15872K, used 14528K [0x00000000d5580000, 0x00000000d6580000, 0x0000000100000000)
  eden space 14336K, 100% used [0x00000000d5580000,0x00000000d6380000,0x00000000d6380000)
  from space 1536K, 12% used [0x00000000d6380000,0x00000000d63b0000,0x00000000d6500000)
  to   space 512K, 0% used [0x00000000d6500000,0x00000000d6500000,0x00000000d6580000)
 ParOldGen       total 163840K, used 163726K [0x0000000080000000, 0x000000008a000000, 0x00000000d5580000)
  object space 163840K, 99% used [0x0000000080000000,0x0000000089fe3b38,0x000000008a000000)
 Metaspace       used 74273K, committed 75776K, reserved 1179648K
  class space    used 7793K, committed 8448K, reserved 1048576K
}
Event: 887.891 GC heap after
{Heap after GC invocations=109 (full 3):
 PSYoungGen      total 14336K, used 500K [0x00000000d5580000, 0x00000000d6780000, 0x0000000100000000)
  eden space 13824K, 0% used [0x00000000d5580000,0x00000000d5580000,0x00000000d6300000)
  from space 512K, 97% used [0x00000000d6500000,0x00000000d657d220,0x00000000d6580000)
  to   space 2048K, 0% used [0x00000000d6300000,0x00000000d6300000,0x00000000d6500000)
 ParOldGen       total 164864K, used 164781K [0x0000000080000000, 0x000000008a100000, 0x00000000d5580000)
  object space 164864K, 99% used [0x0000000080000000,0x000000008a0eb4e8,0x000000008a100000)
 Metaspace       used 74273K, committed 75776K, reserved 1179648K
  class space    used 7793K, committed 8448K, reserved 1048576K
}
Event: 888.449 GC heap before
{Heap before GC invocations=110 (full 3):
 PSYoungGen      total 14336K, used 14324K [0x00000000d5580000, 0x00000000d6780000, 0x0000000100000000)
  eden space 13824K, 100% used [0x00000000d5580000,0x00000000d6300000,0x00000000d6300000)
  from space 512K, 97% used [0x00000000d6500000,0x00000000d657d220,0x00000000d6580000)
  to   space 2048K, 0% used [0x00000000d6300000,0x00000000d6300000,0x00000000d6500000)
 ParOldGen       total 164864K, used 164781K [0x0000000080000000, 0x000000008a100000, 0x00000000d5580000)
  object space 164864K, 99% used [0x0000000080000000,0x000000008a0eb4e8,0x000000008a100000)
 Metaspace       used 74395K, committed 75904K, reserved 1179648K
  class space    used 7793K, committed 8448K, reserved 1048576K
}
Event: 888.452 GC heap after
{Heap after GC invocations=110 (full 3):
 PSYoungGen      total 15360K, used 1044K [0x00000000d5580000, 0x00000000d6600000, 0x0000000100000000)
  eden space 13824K, 0% used [0x00000000d5580000,0x00000000d5580000,0x00000000d6300000)
  from space 1536K, 68% used [0x00000000d6300000,0x00000000d6405200,0x00000000d6480000)
  to   space 1536K, 0% used [0x00000000d6480000,0x00000000d6480000,0x00000000d6600000)
 ParOldGen       total 165376K, used 165310K [0x0000000080000000, 0x000000008a180000, 0x00000000d5580000)
  object space 165376K, 99% used [0x0000000080000000,0x000000008a16f8b0,0x000000008a180000)
 Metaspace       used 74395K, committed 75904K, reserved 1179648K
  class space    used 7793K, committed 8448K, reserved 1048576K
}
Event: 889.265 GC heap before
{Heap before GC invocations=111 (full 3):
 PSYoungGen      total 15360K, used 14868K [0x00000000d5580000, 0x00000000d6600000, 0x0000000100000000)
  eden space 13824K, 100% used [0x00000000d5580000,0x00000000d6300000,0x00000000d6300000)
  from space 1536K, 68% used [0x00000000d6300000,0x00000000d6405200,0x00000000d6480000)
  to   space 1536K, 0% used [0x00000000d6480000,0x00000000d6480000,0x00000000d6600000)
 ParOldGen       total 165376K, used 165310K [0x0000000080000000, 0x000000008a180000, 0x00000000d5580000)
  object space 165376K, 99% used [0x0000000080000000,0x000000008a16f8b0,0x000000008a180000)
 Metaspace       used 74456K, committed 75968K, reserved 1179648K
  class space    used 7793K, committed 8448K, reserved 1048576K
}
Event: 889.268 GC heap after
{Heap after GC invocations=111 (full 3):
 PSYoungGen      total 14848K, used 676K [0x00000000d5580000, 0x00000000d6580000, 0x0000000100000000)
  eden space 13824K, 0% used [0x00000000d5580000,0x00000000d5580000,0x00000000d6300000)
  from space 1024K, 66% used [0x00000000d6480000,0x00000000d6529210,0x00000000d6580000)
  to   space 1024K, 0% used [0x00000000d6380000,0x00000000d6380000,0x00000000d6480000)
 ParOldGen       total 165888K, used 165624K [0x0000000080000000, 0x000000008a200000, 0x00000000d5580000)
  object space 165888K, 99% used [0x0000000080000000,0x000000008a1be1d8,0x000000008a200000)
 Metaspace       used 74456K, committed 75968K, reserved 1179648K
  class space    used 7793K, committed 8448K, reserved 1048576K
}
Event: 1290.670 GC heap before
{Heap before GC invocations=112 (full 3):
 PSYoungGen      total 14848K, used 14500K [0x00000000d5580000, 0x00000000d6580000, 0x0000000100000000)
  eden space 13824K, 100% used [0x00000000d5580000,0x00000000d6300000,0x00000000d6300000)
  from space 1024K, 66% used [0x00000000d6480000,0x00000000d6529210,0x00000000d6580000)
  to   space 1024K, 0% used [0x00000000d6380000,0x00000000d6380000,0x00000000d6480000)
 ParOldGen       total 165888K, used 165624K [0x0000000080000000, 0x000000008a200000, 0x00000000d5580000)
  object space 165888K, 99% used [0x0000000080000000,0x000000008a1be1d8,0x000000008a200000)
 Metaspace       used 74557K, committed 76032K, reserved 1179648K
  class space    used 7802K, committed 8448K, reserved 1048576K
}
Event: 1290.671 GC heap after
{Heap after GC invocations=112 (full 3):
 PSYoungGen      total 14848K, used 612K [0x00000000d5580000, 0x00000000d6500000, 0x0000000100000000)
  eden space 13824K, 0% used [0x00000000d5580000,0x00000000d5580000,0x00000000d6300000)
  from space 1024K, 59% used [0x00000000d6380000,0x00000000d6419230,0x00000000d6480000)
  to   space 512K, 0% used [0x00000000d6480000,0x00000000d6480000,0x00000000d6500000)
 ParOldGen       total 165888K, used 165656K [0x0000000080000000, 0x000000008a200000, 0x00000000d5580000)
  object space 165888K, 99% used [0x0000000080000000,0x000000008a1c61d8,0x000000008a200000)
 Metaspace       used 74557K, committed 76032K, reserved 1179648K
  class space    used 7802K, committed 8448K, reserved 1048576K
}

